<?xml version="1.0" encoding="UTF-8"?>
<!-- Generated by org.testng.reporters.JUnitReportReporter -->
<testsuite hostname="NIRMALKUMAR" failures="0" tests="1" name="org.test.ExecutionClass" time="16.151" errors="0" timestamp="2023-01-10T13:37:27 IST" skipped="0">
  <testcase classname="org.test.ExecutionClass" name="testcaseflow" time="16.151"/>
  <system-out/>
</testsuite> <!-- org.test.ExecutionClass -->
